[themewagon.github.io/Investa/index.html]
[backblue.gif]
[fade.gif]
[index.html]
[use.fontawesome.com/releases/v5.15.4/css/all.css]
[cdn.jsdelivr.net/npm/bootstrap-icons@1.4.1/font/bootstrap-icons.css]
[cdnjs.cloudflare.com/ajax/libs/animate.css/4.1.1/animate.min.css]
[themewagon.github.io/Investa/lib/animate/animate.min.css]
[themewagon.github.io/Investa/lib/owlcarousel/assets/owl.carousel.min.css]
[themewagon.github.io/Investa/lib/lightbox/css/lightbox.min.css]
[themewagon.github.io/Investa/css/bootstrap.min.css]
[themewagon.github.io/Investa/css/style.css]
[themewagon.github.io/Investa/about.html]
[themewagon.github.io/Investa/service.html]
[themewagon.github.io/Investa/project.html]
[themewagon.github.io/Investa/blog.html]
[themewagon.github.io/Investa/team.html]
[themewagon.github.io/Investa/testimonial.html]
[themewagon.github.io/Investa/faqs.html]
[themewagon.github.io/Investa/404.html]
[themewagon.github.io/Investa/contact.html]
[themewagon.github.io/Investa/img/carousel-1.jpg]
[themewagon.github.io/Investa/img/carousel-2.jpg]
[themewagon.github.io/Investa/img/carousel-3.jpg]
[themewagon.github.io/Investa/img/about-3.png]
[themewagon.github.io/Investa/img/about-2.jpg]
[themewagon.github.io/Investa/img/customer-img-1.jpg]
[themewagon.github.io/Investa/img/customer-img-2.jpg]
[themewagon.github.io/Investa/img/customer-img-3.jpg]
[themewagon.github.io/Investa/img/service-1.jpg]
[themewagon.github.io/Investa/img/service-2.jpg]
[themewagon.github.io/Investa/img/service-4.jpg]
[themewagon.github.io/Investa/img/service-3.jpg]
[themewagon.github.io/Investa/img/projects-1.jpg]
[themewagon.github.io/Investa/img/bg.png]
[themewagon.github.io/Investa/img/blog-1.jpg]
[themewagon.github.io/Investa/img/blog-2.jpg]
[themewagon.github.io/Investa/img/blog-3.jpg]
[themewagon.github.io/Investa/img/team-1.jpg]
[themewagon.github.io/Investa/img/team-2.jpg]
[themewagon.github.io/Investa/img/team-3.jpg]
[themewagon.github.io/Investa/img/team-4.jpg]
[themewagon.github.io/Investa/img/testimonial-1.jpg]
[themewagon.github.io/Investa/img/testimonial-2.jpg]
[themewagon.github.io/Investa/img/testimonial-3.jpg]
[themewagon.github.io/Investa/img/faq-img.jpg]
[ajax.googleapis.com/ajax/libs/jquery/3.6.4/jquery.min.js]
[cdn.jsdelivr.net/npm/bootstrap@5.0.0/dist/js/bootstrap.bundle.min.js]
[themewagon.github.io/Investa/lib/wow/wow.min.js]
[themewagon.github.io/Investa/lib/easing/easing.min.js]
[themewagon.github.io/Investa/lib/waypoints/waypoints.min.js]
[themewagon.github.io/Investa/lib/counterup/counterup.min.js]
[themewagon.github.io/Investa/lib/owlcarousel/owl.carousel.min.js]
[themewagon.github.io/Investa/lib/lightbox/js/lightbox.min.js]
[themewagon.github.io/Investa/js/main.js]
[themewagon.github.io/Investa/index.html]
[use.fontawesome.com/releases/v5.15.4/css/all.css]
[cdn.jsdelivr.net/npm/bootstrap-icons@1.4.1/font/fonts/bootstrap-iconsfb95.woff2]
[cdn.jsdelivr.net/npm/bootstrap-icons@1.4.1/font/fonts/bootstrap-iconsfb95.woff]
[cdn.jsdelivr.net/npm/bootstrap-icons@1.4.1/font/bootstrap-icons.css]
[cdnjs.cloudflare.com/ajax/libs/animate.css/4.1.1/animate.min.css]
[themewagon.github.io/Investa/lib/animate/animate.min.css]
[themewagon.github.io/Investa/lib/owlcarousel/assets/owl.video.play.png]
[themewagon.github.io/Investa/lib/owlcarousel/assets/owl.carousel.min.css]
[themewagon.github.io/Investa/lib/lightbox/images/loading.gif]
[themewagon.github.io/Investa/lib/lightbox/css/lightbox.min.css]
[themewagon.github.io/Investa/css/bootstrap.min.css]
[themewagon.github.io/Investa/css/style.css]
[themewagon.github.io/Investa/about.html]
[themewagon.github.io/Investa/service.html]
[themewagon.github.io/Investa/project.html]
[themewagon.github.io/Investa/blog.html]
[themewagon.github.io/Investa/team.html]
[themewagon.github.io/Investa/testimonial.html]
[themewagon.github.io/Investa/faqs.html]
[themewagon.github.io/Investa/404.html]
[themewagon.github.io/Investa/contact.html]
